1779257679.155470 client started (1414567): version 3.3a, socket /tmp/tmux-0/default, protocol 8
1779257679.155489 on Linux 5.15.120.bsk.3-amd64 #5.15.120.bsk.3 SMP Debian 5.15.120.bsk.3 Fri Dec 8 12:41:09 UTC
1779257679.155493 using libevent 2.1.12-stable (poll); ncurses 6.3
1779257679.155503 flags are 0x18010000
1779257679.155506 socket is /tmp/tmux-0/default
1779257679.155513 trying connect
1779257679.155550 add peer 0x564ba3684950: 6 ((nil))
1779257679.155724 sending message 100 to peer 0x564ba3684950 (4 bytes)
1779257679.155736 sending message 111 to peer 0x564ba3684950 (8 bytes)
1779257679.155742 sending message 101 to peer 0x564ba3684950 (15 bytes)
1779257679.155747 sending message 109 to peer 0x564ba3684950 (4 bytes)
1779257679.155752 sending message 102 to peer 0x564ba3684950 (12 bytes)
1779257679.155774 sending message 108 to peer 0x564ba3684950 (21 bytes)
1779257679.155784 sending message 112 to peer 0x564ba3684950 (58 bytes)
1779257679.155789 sending message 112 to peer 0x564ba3684950 (5 bytes)
1779257679.155794 sending message 112 to peer 0x564ba3684950 (5 bytes)
1779257679.155800 sending message 112 to peer 0x564ba3684950 (6 bytes)
1779257679.155804 sending message 112 to peer 0x564ba3684950 (6 bytes)
1779257679.155808 sending message 112 to peer 0x564ba3684950 (11 bytes)
1779257679.155813 sending message 112 to peer 0x564ba3684950 (10 bytes)
1779257679.155818 sending message 112 to peer 0x564ba3684950 (13 bytes)
1779257679.155822 sending message 112 to peer 0x564ba3684950 (14 bytes)
1779257679.155826 sending message 112 to peer 0x564ba3684950 (19 bytes)
1779257679.155831 sending message 112 to peer 0x564ba3684950 (11 bytes)
1779257679.155837 sending message 112 to peer 0x564ba3684950 (10 bytes)
1779257679.155842 sending message 112 to peer 0x564ba3684950 (15 bytes)
1779257679.155846 sending message 112 to peer 0x564ba3684950 (21 bytes)
1779257679.155850 sending message 112 to peer 0x564ba3684950 (13 bytes)
1779257679.155854 sending message 112 to peer 0x564ba3684950 (7 bytes)
1779257679.155859 sending message 112 to peer 0x564ba3684950 (13 bytes)
1779257679.155863 sending message 112 to peer 0x564ba3684950 (7 bytes)
1779257679.155868 sending message 112 to peer 0x564ba3684950 (13 bytes)
1779257679.155873 sending message 112 to peer 0x564ba3684950 (9 bytes)
1779257679.155879 sending message 112 to peer 0x564ba3684950 (21 bytes)
1779257679.155883 sending message 112 to peer 0x564ba3684950 (13 bytes)
1779257679.155887 sending message 112 to peer 0x564ba3684950 (9 bytes)
1779257679.155892 sending message 112 to peer 0x564ba3684950 (16 bytes)
1779257679.155896 sending message 112 to peer 0x564ba3684950 (13 bytes)
1779257679.155900 sending message 112 to peer 0x564ba3684950 (9 bytes)
1779257679.155905 sending message 112 to peer 0x564ba3684950 (9 bytes)
1779257679.155909 sending message 112 to peer 0x564ba3684950 (12 bytes)
1779257679.155913 sending message 112 to peer 0x564ba3684950 (8 bytes)
1779257679.155920 sending message 112 to peer 0x564ba3684950 (8 bytes)
1779257679.155924 sending message 112 to peer 0x564ba3684950 (13 bytes)
1779257679.155928 sending message 112 to peer 0x564ba3684950 (7 bytes)
1779257679.155932 sending message 112 to peer 0x564ba3684950 (7 bytes)
1779257679.155936 sending message 112 to peer 0x564ba3684950 (9 bytes)
1779257679.155941 sending message 112 to peer 0x564ba3684950 (9 bytes)
1779257679.155945 sending message 112 to peer 0x564ba3684950 (15 bytes)
1779257679.155950 sending message 112 to peer 0x564ba3684950 (13 bytes)
1779257679.155956 sending message 112 to peer 0x564ba3684950 (12 bytes)
1779257679.155961 sending message 112 to peer 0x564ba3684950 (8 bytes)
1779257679.155966 sending message 112 to peer 0x564ba3684950 (14 bytes)
1779257679.155971 sending message 112 to peer 0x564ba3684950 (11 bytes)
1779257679.155977 sending message 112 to peer 0x564ba3684950 (9 bytes)
1779257679.155982 sending message 112 to peer 0x564ba3684950 (10 bytes)
1779257679.155986 sending message 112 to peer 0x564ba3684950 (10 bytes)
1779257679.155990 sending message 112 to peer 0x564ba3684950 (10 bytes)
1779257679.156001 sending message 112 to peer 0x564ba3684950 (10 bytes)
1779257679.156005 sending message 112 to peer 0x564ba3684950 (11 bytes)
1779257679.156009 sending message 112 to peer 0x564ba3684950 (12 bytes)
1779257679.156014 sending message 112 to peer 0x564ba3684950 (12 bytes)
1779257679.156019 sending message 112 to peer 0x564ba3684950 (12 bytes)
1779257679.156023 sending message 112 to peer 0x564ba3684950 (12 bytes)
1779257679.156027 sending message 112 to peer 0x564ba3684950 (12 bytes)
1779257679.156031 sending message 112 to peer 0x564ba3684950 (11 bytes)
1779257679.156037 sending message 112 to peer 0x564ba3684950 (11 bytes)
1779257679.156041 sending message 112 to peer 0x564ba3684950 (12 bytes)
1779257679.156046 sending message 112 to peer 0x564ba3684950 (12 bytes)
1779257679.156051 sending message 112 to peer 0x564ba3684950 (12 bytes)
1779257679.156055 sending message 112 to peer 0x564ba3684950 (12 bytes)
1779257679.156060 sending message 112 to peer 0x564ba3684950 (12 bytes)
1779257679.156064 sending message 112 to peer 0x564ba3684950 (9 bytes)
1779257679.156068 sending message 112 to peer 0x564ba3684950 (12 bytes)
1779257679.156072 sending message 112 to peer 0x564ba3684950 (13 bytes)
1779257679.156076 sending message 112 to peer 0x564ba3684950 (13 bytes)
1779257679.156080 sending message 112 to peer 0x564ba3684950 (13 bytes)
1779257679.156084 sending message 112 to peer 0x564ba3684950 (13 bytes)
1779257679.156089 sending message 112 to peer 0x564ba3684950 (13 bytes)
1779257679.156094 sending message 112 to peer 0x564ba3684950 (8 bytes)
1779257679.156098 sending message 112 to peer 0x564ba3684950 (11 bytes)
1779257679.156102 sending message 112 to peer 0x564ba3684950 (11 bytes)
1779257679.156107 sending message 112 to peer 0x564ba3684950 (11 bytes)
1779257679.156113 sending message 112 to peer 0x564ba3684950 (12 bytes)
1779257679.156117 sending message 112 to peer 0x564ba3684950 (12 bytes)
1779257679.156121 sending message 112 to peer 0x564ba3684950 (12 bytes)
1779257679.156125 sending message 112 to peer 0x564ba3684950 (12 bytes)
1779257679.156129 sending message 112 to peer 0x564ba3684950 (13 bytes)
1779257679.156134 sending message 112 to peer 0x564ba3684950 (13 bytes)
1779257679.156139 sending message 112 to peer 0x564ba3684950 (13 bytes)
1779257679.156144 sending message 112 to peer 0x564ba3684950 (8 bytes)
1779257679.156148 sending message 112 to peer 0x564ba3684950 (13 bytes)
1779257679.156152 sending message 112 to peer 0x564ba3684950 (13 bytes)
1779257679.156156 sending message 112 to peer 0x564ba3684950 (13 bytes)
1779257679.156162 sending message 112 to peer 0x564ba3684950 (13 bytes)
1779257679.156166 sending message 112 to peer 0x564ba3684950 (13 bytes)
1779257679.156170 sending message 112 to peer 0x564ba3684950 (12 bytes)
1779257679.156176 sending message 112 to peer 0x564ba3684950 (12 bytes)
1779257679.156180 sending message 112 to peer 0x564ba3684950 (12 bytes)
1779257679.156184 sending message 112 to peer 0x564ba3684950 (12 bytes)
1779257679.156188 sending message 112 to peer 0x564ba3684950 (13 bytes)
1779257679.156194 sending message 112 to peer 0x564ba3684950 (8 bytes)
1779257679.156199 sending message 112 to peer 0x564ba3684950 (13 bytes)
1779257679.156203 sending message 112 to peer 0x564ba3684950 (13 bytes)
1779257679.156207 sending message 112 to peer 0x564ba3684950 (13 bytes)
1779257679.156211 sending message 112 to peer 0x564ba3684950 (13 bytes)
1779257679.156216 sending message 112 to peer 0x564ba3684950 (13 bytes)
1779257679.156221 sending message 112 to peer 0x564ba3684950 (13 bytes)
1779257679.156225 sending message 112 to peer 0x564ba3684950 (13 bytes)
1779257679.156229 sending message 112 to peer 0x564ba3684950 (12 bytes)
1779257679.156235 sending message 112 to peer 0x564ba3684950 (12 bytes)
1779257679.156239 sending message 112 to peer 0x564ba3684950 (12 bytes)
1779257679.156243 sending message 112 to peer 0x564ba3684950 (8 bytes)
1779257679.156246 sending message 112 to peer 0x564ba3684950 (12 bytes)
1779257679.156250 sending message 112 to peer 0x564ba3684950 (13 bytes)
1779257679.156259 sending message 112 to peer 0x564ba3684950 (13 bytes)
1779257679.156262 sending message 112 to peer 0x564ba3684950 (13 bytes)
1779257679.156266 sending message 112 to peer 0x564ba3684950 (13 bytes)
1779257679.156270 sending message 112 to peer 0x564ba3684950 (13 bytes)
1779257679.156274 sending message 112 to peer 0x564ba3684950 (13 bytes)
1779257679.156278 sending message 112 to peer 0x564ba3684950 (13 bytes)
1779257679.156283 sending message 112 to peer 0x564ba3684950 (13 bytes)
1779257679.156287 sending message 112 to peer 0x564ba3684950 (12 bytes)
1779257679.156292 sending message 112 to peer 0x564ba3684950 (10 bytes)
1779257679.156296 sending message 112 to peer 0x564ba3684950 (12 bytes)
1779257679.156302 sending message 112 to peer 0x564ba3684950 (12 bytes)
1779257679.156305 sending message 112 to peer 0x564ba3684950 (12 bytes)
1779257679.156309 sending message 112 to peer 0x564ba3684950 (13 bytes)
1779257679.156314 sending message 112 to peer 0x564ba3684950 (13 bytes)
1779257679.156318 sending message 112 to peer 0x564ba3684950 (13 bytes)
1779257679.156323 sending message 112 to peer 0x564ba3684950 (13 bytes)
1779257679.156327 sending message 112 to peer 0x564ba3684950 (13 bytes)
1779257679.156332 sending message 112 to peer 0x564ba3684950 (13 bytes)
1779257679.156335 sending message 112 to peer 0x564ba3684950 (13 bytes)
1779257679.156340 sending message 112 to peer 0x564ba3684950 (10 bytes)
1779257679.156344 sending message 112 to peer 0x564ba3684950 (13 bytes)
1779257679.156349 sending message 112 to peer 0x564ba3684950 (12 bytes)
1779257679.156353 sending message 112 to peer 0x564ba3684950 (12 bytes)
1779257679.156357 sending message 112 to peer 0x564ba3684950 (12 bytes)
1779257679.156362 sending message 112 to peer 0x564ba3684950 (10 bytes)
1779257679.156366 sending message 112 to peer 0x564ba3684950 (10 bytes)
1779257679.156370 sending message 112 to peer 0x564ba3684950 (10 bytes)
1779257679.156373 sending message 112 to peer 0x564ba3684950 (12 bytes)
1779257679.156377 sending message 112 to peer 0x564ba3684950 (13 bytes)
1779257679.156382 sending message 112 to peer 0x564ba3684950 (13 bytes)
1779257679.156385 sending message 112 to peer 0x564ba3684950 (13 bytes)
1779257679.156389 sending message 112 to peer 0x564ba3684950 (13 bytes)
1779257679.156393 sending message 112 to peer 0x564ba3684950 (13 bytes)
1779257679.156397 sending message 112 to peer 0x564ba3684950 (10 bytes)
1779257679.156401 sending message 112 to peer 0x564ba3684950 (11 bytes)
1779257679.156404 sending message 112 to peer 0x564ba3684950 (12 bytes)
1779257679.156408 sending message 112 to peer 0x564ba3684950 (12 bytes)
1779257679.156414 sending message 112 to peer 0x564ba3684950 (12 bytes)
1779257679.156418 sending message 112 to peer 0x564ba3684950 (12 bytes)
1779257679.156422 sending message 112 to peer 0x564ba3684950 (12 bytes)
1779257679.156427 sending message 112 to peer 0x564ba3684950 (11 bytes)
1779257679.156431 sending message 112 to peer 0x564ba3684950 (12 bytes)
1779257679.156435 sending message 112 to peer 0x564ba3684950 (12 bytes)
1779257679.156440 sending message 112 to peer 0x564ba3684950 (13 bytes)
1779257679.156443 sending message 112 to peer 0x564ba3684950 (13 bytes)
1779257679.156447 sending message 112 to peer 0x564ba3684950 (13 bytes)
1779257679.156451 sending message 112 to peer 0x564ba3684950 (13 bytes)
1779257679.156456 sending message 112 to peer 0x564ba3684950 (13 bytes)
1779257679.156461 sending message 112 to peer 0x564ba3684950 (10 bytes)
1779257679.156464 sending message 112 to peer 0x564ba3684950 (9 bytes)
1779257679.156468 sending message 112 to peer 0x564ba3684950 (12 bytes)
1779257679.156472 sending message 112 to peer 0x564ba3684950 (13 bytes)
1779257679.156476 sending message 112 to peer 0x564ba3684950 (13 bytes)
1779257679.156480 sending message 112 to peer 0x564ba3684950 (13 bytes)
1779257679.156484 sending message 112 to peer 0x564ba3684950 (13 bytes)
1779257679.156488 sending message 112 to peer 0x564ba3684950 (13 bytes)
1779257679.156492 sending message 112 to peer 0x564ba3684950 (9 bytes)
1779257679.156499 sending message 112 to peer 0x564ba3684950 (12 bytes)
1779257679.156503 sending message 112 to peer 0x564ba3684950 (13 bytes)
1779257679.156508 sending message 112 to peer 0x564ba3684950 (13 bytes)
1779257679.156513 sending message 112 to peer 0x564ba3684950 (13 bytes)
1779257679.156517 sending message 112 to peer 0x564ba3684950 (13 bytes)
1779257679.156521 sending message 112 to peer 0x564ba3684950 (13 bytes)
1779257679.156524 sending message 112 to peer 0x564ba3684950 (11 bytes)
1779257679.156528 sending message 112 to peer 0x564ba3684950 (12 bytes)
1779257679.156533 sending message 112 to peer 0x564ba3684950 (13 bytes)
1779257679.156536 sending message 112 to peer 0x564ba3684950 (13 bytes)
1779257679.156540 sending message 112 to peer 0x564ba3684950 (13 bytes)
1779257679.156544 sending message 112 to peer 0x564ba3684950 (13 bytes)
1779257679.156548 sending message 112 to peer 0x564ba3684950 (13 bytes)
1779257679.156553 sending message 112 to peer 0x564ba3684950 (11 bytes)
1779257679.156556 sending message 112 to peer 0x564ba3684950 (12 bytes)
1779257679.156560 sending message 112 to peer 0x564ba3684950 (12 bytes)
1779257679.156564 sending message 112 to peer 0x564ba3684950 (12 bytes)
1779257679.156567 sending message 112 to peer 0x564ba3684950 (12 bytes)
1779257679.156572 sending message 112 to peer 0x564ba3684950 (12 bytes)
1779257679.156575 sending message 112 to peer 0x564ba3684950 (21 bytes)
1779257679.156579 sending message 112 to peer 0x564ba3684950 (12 bytes)
1779257679.156583 sending message 112 to peer 0x564ba3684950 (9 bytes)
1779257679.156587 sending message 112 to peer 0x564ba3684950 (6 bytes)
1779257679.156592 sending message 112 to peer 0x564ba3684950 (13 bytes)
1779257679.156596 sending message 112 to peer 0x564ba3684950 (10 bytes)
1779257679.156600 sending message 112 to peer 0x564ba3684950 (24 bytes)
1779257679.156605 sending message 112 to peer 0x564ba3684950 (13 bytes)
1779257679.156609 sending message 112 to peer 0x564ba3684950 (9 bytes)
1779257679.156613 sending message 112 to peer 0x564ba3684950 (70 bytes)
1779257679.156616 sending message 112 to peer 0x564ba3684950 (69 bytes)
1779257679.156621 sending message 112 to peer 0x564ba3684950 (12 bytes)
1779257679.156624 sending message 112 to peer 0x564ba3684950 (10 bytes)
1779257679.156628 sending message 112 to peer 0x564ba3684950 (10 bytes)
1779257679.156632 sending message 112 to peer 0x564ba3684950 (24 bytes)
1779257679.156636 sending message 112 to peer 0x564ba3684950 (13 bytes)
1779257679.156640 sending message 112 to peer 0x564ba3684950 (10 bytes)
1779257679.156644 sending message 112 to peer 0x564ba3684950 (10 bytes)
1779257679.156649 sending message 112 to peer 0x564ba3684950 (10 bytes)
1779257679.156653 sending message 112 to peer 0x564ba3684950 (13 bytes)
1779257679.156658 sending message 112 to peer 0x564ba3684950 (15 bytes)
1779257679.156663 sending message 112 to peer 0x564ba3684950 (5 bytes)
1779257679.156667 sending message 104 to peer 0x564ba3684950 (0 bytes)
1779257679.156672 sending message 110 to peer 0x564ba3684950 (0 bytes)
1779257679.156676 sending message 107 to peer 0x564ba3684950 (4 bytes)
1779257679.156681 sending message 105 to peer 0x564ba3684950 (38 bytes)
1779257679.156686 sending message 105 to peer 0x564ba3684950 (19 bytes)
1779257679.156691 sending message 105 to peer 0x564ba3684950 (15 bytes)
1779257679.156696 sending message 105 to peer 0x564ba3684950 (20 bytes)
1779257679.156700 sending message 105 to peer 0x564ba3684950 (47 bytes)
1779257679.156706 sending message 105 to peer 0x564ba3684950 (22 bytes)
1779257679.156711 sending message 105 to peer 0x564ba3684950 (21 bytes)
1779257679.156715 sending message 105 to peer 0x564ba3684950 (103 bytes)
1779257679.156721 sending message 105 to peer 0x564ba3684950 (22 bytes)
1779257679.156726 sending message 105 to peer 0x564ba3684950 (22 bytes)
1779257679.156731 sending message 105 to peer 0x564ba3684950 (27 bytes)
1779257679.156735 sending message 105 to peer 0x564ba3684950 (111 bytes)
1779257679.156740 sending message 105 to peer 0x564ba3684950 (25 bytes)
1779257679.156748 sending message 105 to peer 0x564ba3684950 (25 bytes)
1779257679.156752 sending message 105 to peer 0x564ba3684950 (13 bytes)
1779257679.156762 sending message 105 to peer 0x564ba3684950 (21 bytes)
1779257679.156767 sending message 105 to peer 0x564ba3684950 (24 bytes)
1779257679.156772 sending message 105 to peer 0x564ba3684950 (32 bytes)
1779257679.156777 sending message 105 to peer 0x564ba3684950 (15 bytes)
1779257679.156784 sending message 105 to peer 0x564ba3684950 (11 bytes)
1779257679.156789 sending message 105 to peer 0x564ba3684950 (31 bytes)
1779257679.156798 sending message 105 to peer 0x564ba3684950 (17 bytes)
1779257679.156805 sending message 105 to peer 0x564ba3684950 (43 bytes)
1779257679.156812 sending message 105 to peer 0x564ba3684950 (1764 bytes)
1779257679.156835 sending message 105 to peer 0x564ba3684950 (55 bytes)
1779257679.156841 sending message 105 to peer 0x564ba3684950 (35 bytes)
1779257679.156844 sending message 105 to peer 0x564ba3684950 (16 bytes)
1779257679.156851 sending message 105 to peer 0x564ba3684950 (20 bytes)
1779257679.156859 sending message 105 to peer 0x564ba3684950 (22 bytes)
1779257679.156867 sending message 105 to peer 0x564ba3684950 (50 bytes)
1779257679.156874 sending message 105 to peer 0x564ba3684950 (24 bytes)
1779257679.156879 sending message 105 to peer 0x564ba3684950 (23 bytes)
1779257679.156882 sending message 105 to peer 0x564ba3684950 (23 bytes)
1779257679.156886 sending message 105 to peer 0x564ba3684950 (118 bytes)
1779257679.156891 sending message 105 to peer 0x564ba3684950 (23 bytes)
1779257679.156896 sending message 105 to peer 0x564ba3684950 (10 bytes)
1779257679.156899 sending message 105 to peer 0x564ba3684950 (99 bytes)
1779257679.156904 sending message 105 to peer 0x564ba3684950 (22 bytes)
1779257679.156908 sending message 105 to peer 0x564ba3684950 (94 bytes)
1779257679.156914 sending message 105 to peer 0x564ba3684950 (14 bytes)
1779257679.156919 sending message 105 to peer 0x564ba3684950 (64 bytes)
1779257679.156923 sending message 105 to peer 0x564ba3684950 (32 bytes)
1779257679.156927 sending message 105 to peer 0x564ba3684950 (12 bytes)
1779257679.156932 sending message 105 to peer 0x564ba3684950 (8 bytes)
1779257679.156937 sending message 105 to peer 0x564ba3684950 (26 bytes)
1779257679.156942 sending message 105 to peer 0x564ba3684950 (26 bytes)
1779257679.156946 sending message 105 to peer 0x564ba3684950 (28 bytes)
1779257679.156951 sending message 105 to peer 0x564ba3684950 (21 bytes)
1779257679.156955 sending message 105 to peer 0x564ba3684950 (28 bytes)
1779257679.156960 sending message 105 to peer 0x564ba3684950 (33 bytes)
1779257679.156964 sending message 105 to peer 0x564ba3684950 (73 bytes)
1779257679.156971 sending message 105 to peer 0x564ba3684950 (22 bytes)
1779257679.156976 sending message 105 to peer 0x564ba3684950 (2073 bytes)
1779257679.156981 sending message 105 to peer 0x564ba3684950 (55 bytes)
1779257679.156987 sending message 105 to peer 0x564ba3684950 (38 bytes)
1779257679.156991 sending message 105 to peer 0x564ba3684950 (51 bytes)
1779257679.156996 sending message 105 to peer 0x564ba3684950 (99 bytes)
1779257679.157000 sending message 105 to peer 0x564ba3684950 (137 bytes)
1779257679.157004 sending message 105 to peer 0x564ba3684950 (28 bytes)
1779257679.157009 sending message 105 to peer 0x564ba3684950 (16 bytes)
1779257679.157016 sending message 105 to peer 0x564ba3684950 (59 bytes)
1779257679.157021 sending message 105 to peer 0x564ba3684950 (21 bytes)
1779257679.157025 sending message 105 to peer 0x564ba3684950 (11 bytes)
1779257679.157028 sending message 105 to peer 0x564ba3684950 (8 bytes)
1779257679.157033 sending message 105 to peer 0x564ba3684950 (32 bytes)
1779257679.157039 sending message 105 to peer 0x564ba3684950 (69 bytes)
1779257679.157043 sending message 105 to peer 0x564ba3684950 (32 bytes)
1779257679.157048 sending message 105 to peer 0x564ba3684950 (31 bytes)
1779257679.157052 sending message 105 to peer 0x564ba3684950 (18 bytes)
1779257679.157056 sending message 105 to peer 0x564ba3684950 (45 bytes)
1779257679.157066 sending message 105 to peer 0x564ba3684950 (27 bytes)
1779257679.157070 sending message 105 to peer 0x564ba3684950 (25 bytes)
1779257679.157074 sending message 105 to peer 0x564ba3684950 (13 bytes)
1779257679.157079 sending message 105 to peer 0x564ba3684950 (129 bytes)
1779257679.157083 sending message 105 to peer 0x564ba3684950 (34 bytes)
1779257679.157087 sending message 105 to peer 0x564ba3684950 (13 bytes)
1779257679.157092 sending message 105 to peer 0x564ba3684950 (62 bytes)
1779257679.157096 sending message 105 to peer 0x564ba3684950 (58 bytes)
1779257679.157100 sending message 105 to peer 0x564ba3684950 (79 bytes)
1779257679.157106 sending message 105 to peer 0x564ba3684950 (31 bytes)
1779257679.157111 sending message 105 to peer 0x564ba3684950 (22 bytes)
1779257679.157115 sending message 105 to peer 0x564ba3684950 (33 bytes)
1779257679.157120 sending message 105 to peer 0x564ba3684950 (34 bytes)
1779257679.157124 sending message 105 to peer 0x564ba3684950 (33 bytes)
1779257679.157130 sending message 105 to peer 0x564ba3684950 (34 bytes)
1779257679.157135 sending message 105 to peer 0x564ba3684950 (308 bytes)
1779257679.157139 sending message 105 to peer 0x564ba3684950 (308 bytes)
1779257679.157144 sending message 105 to peer 0x564ba3684950 (23 bytes)
1779257679.157149 sending message 105 to peer 0x564ba3684950 (1269 bytes)
1779257679.157157 sending message 105 to peer 0x564ba3684950 (114 bytes)
1779257679.157162 sending message 105 to peer 0x564ba3684950 (36 bytes)
1779257679.157167 sending message 105 to peer 0x564ba3684950 (20 bytes)
1779257679.157171 sending message 105 to peer 0x564ba3684950 (18 bytes)
1779257679.157175 sending message 105 to peer 0x564ba3684950 (29 bytes)
1779257679.157181 sending message 105 to peer 0x564ba3684950 (24 bytes)
1779257679.157185 sending message 105 to peer 0x564ba3684950 (50 bytes)
1779257679.157190 sending message 105 to peer 0x564ba3684950 (20 bytes)
1779257679.157194 sending message 105 to peer 0x564ba3684950 (27 bytes)
1779257679.157198 sending message 105 to peer 0x564ba3684950 (126 bytes)
1779257679.157202 sending message 105 to peer 0x564ba3684950 (112 bytes)
1779257679.157208 sending message 105 to peer 0x564ba3684950 (31 bytes)
1779257679.157212 sending message 105 to peer 0x564ba3684950 (143 bytes)
1779257679.157218 sending message 105 to peer 0x564ba3684950 (61 bytes)
1779257679.157223 sending message 105 to peer 0x564ba3684950 (34 bytes)
1779257679.157228 sending message 105 to peer 0x564ba3684950 (71 bytes)
1779257679.157232 sending message 105 to peer 0x564ba3684950 (85 bytes)
1779257679.157238 sending message 105 to peer 0x564ba3684950 (19 bytes)
1779257679.157242 sending message 105 to peer 0x564ba3684950 (14 bytes)
1779257679.157247 sending message 105 to peer 0x564ba3684950 (19 bytes)
1779257679.157251 sending message 105 to peer 0x564ba3684950 (20 bytes)
1779257679.157255 sending message 105 to peer 0x564ba3684950 (15 bytes)
1779257679.157261 sending message 105 to peer 0x564ba3684950 (24 bytes)
1779257679.157265 sending message 105 to peer 0x564ba3684950 (23 bytes)
1779257679.157270 sending message 105 to peer 0x564ba3684950 (111 bytes)
1779257679.157274 sending message 105 to peer 0x564ba3684950 (310 bytes)
1779257679.157281 sending message 105 to peer 0x564ba3684950 (35 bytes)
1779257679.157286 sending message 106 to peer 0x564ba3684950 (0 bytes)
1779257679.157326 sending message 200 to peer 0x564ba3684950 (4 bytes)
1779257679.157333 client loop enter
1779257679.166586 peer 0x564ba3684950 message 207
1779257679.166605 sending message 208 to peer 0x564ba3684950 (0 bytes)
1779257683.818590 peer 0x564ba3684950 message 201
1779257683.818621 sending message 205 to peer 0x564ba3684950 (0 bytes)
1779257683.819480 peer 0x564ba3684950 message 204
1779257683.819493 client loop exit
